{
  service: 'jkvis-server',
  uri: 'mongodb://localhost:27017/jkvis_platform',
  level: 'info',
  message: 'Attempting to connect to MongoDB...',
  timestamp: '2025-09-23 12:58:39'
}
{
  message: 'Annual receipt generation job scheduled for January 1st at 2:00 AM',
  level: 'info',
  service: 'jkvis-server',
  timestamp: '2025-09-23 12:58:40'
}
{
  service: 'jkvis-server',
  environment: 'development',
  port: undefined,
  level: 'info',
  message: 'Server running on port undefined',
  timestamp: '2025-09-23 12:58:40'
}
{
  service: 'jkvis-server',
  uri: 'mongodb://localhost:27017/jkvis_platform',
  level: 'info',
  message: 'Attempting to connect to MongoDB...',
  timestamp: '2025-09-23 12:58:48'
}
{
  message: 'Annual receipt generation job scheduled for January 1st at 2:00 AM',
  level: 'info',
  service: 'jkvis-server',
  timestamp: '2025-09-23 12:58:48'
}
{
  service: 'jkvis-server',
  environment: 'development',
  port: undefined,
  level: 'info',
  message: 'Server running on port undefined',
  timestamp: '2025-09-23 12:58:48'
}
{
  service: 'jkvis-server',
  message: 'Database connection failed: connect ECONNREFUSED ::1:27017, connect ECONNREFUSED 127.0.0.1:27017',
  errorLabelSet: Set(0) {},
  reason: TopologyDescription {
    type: 'Unknown',
    servers: Map(1) {
      'localhost:27017' => ServerDescription {
        address: 'localhost:27017',
        type: 'Unknown',
        hosts: [],
        passives: [],
        arbiters: [],
        tags: {},
        minWireVersion: 0,
        maxWireVersion: 0,
        roundTripTime: -1,
        minRoundTripTime: 0,
        lastUpdateTime: 1131689051,
        lastWriteDate: 0,
        error: MongoNetworkError: connect ECONNREFUSED ::1:27017, connect ECONNREFUSED 127.0.0.1:27017
            at Socket.<anonymous> (/Users/kanishkakakrani/Desktop/Qualimatrix/jkvis-platform/backend/node_modules/mongodb/src/cmap/connect.ts:395:16)
            at Object.onceWrapper (node:events:622:26)
            at Socket.emit (node:events:507:28)
            at Socket.emit (node:domain:489:12)
            at emitErrorNT (node:internal/streams/destroy:170:8)
            at emitErrorCloseNT (node:internal/streams/destroy:129:3)
            at processTicksAndRejections (node:internal/process/task_queues:90:21) {
          errorLabelSet: Set(1) { 'ResetPool' },
          beforeHandshake: false,
          [cause]: AggregateError
              at internalConnectMultiple (node:net:1139:18)
              at afterConnectMultiple (node:net:1714:7) {
            code: 'ECONNREFUSED',
            [errors]: [
              Error: connect ECONNREFUSED ::1:27017
                  at createConnectionError (node:net:1677:14)
                  at afterConnectMultiple (node:net:1707:16) {
                errno: -61,
                code: 'ECONNREFUSED',
                syscall: 'connect',
                address: '::1',
                port: 27017
              },
              Error: connect ECONNREFUSED 127.0.0.1:27017
                  at createConnectionError (node:net:1677:14)
                  at afterConnectMultiple (node:net:1707:16) {
                errno: -61,
                code: 'ECONNREFUSED',
                syscall: 'connect',
                address: '127.0.0.1',
                port: 27017
              }
            ]
          }
        },
        topologyVersion: null,
        setName: null,
        setVersion: null,
        electionId: null,
        logicalSessionTimeoutMinutes: null,
        maxMessageSizeBytes: null,
        maxWriteBatchSize: null,
        maxBsonObjectSize: null,
        primary: null,
        me: null,
        '$clusterTime': null,
        iscryptd: false
      }
    },
    stale: false,
    compatible: true,
    heartbeatFrequencyMS: 10000,
    localThresholdMS: 15,
    setName: null,
    maxElectionId: null,
    maxSetVersion: null,
    commonWireVersion: 0,
    logicalSessionTimeoutMinutes: null
  },
  code: undefined,
  cause: TopologyDescription {
    type: 'Unknown',
    servers: Map(1) {
      'localhost:27017' => ServerDescription {
        address: 'localhost:27017',
        type: 'Unknown',
        hosts: [],
        passives: [],
        arbiters: [],
        tags: {},
        minWireVersion: 0,
        maxWireVersion: 0,
        roundTripTime: -1,
        minRoundTripTime: 0,
        lastUpdateTime: 1131689051,
        lastWriteDate: 0,
        error: MongoNetworkError: connect ECONNREFUSED ::1:27017, connect ECONNREFUSED 127.0.0.1:27017
            at Socket.<anonymous> (/Users/kanishkakakrani/Desktop/Qualimatrix/jkvis-platform/backend/node_modules/mongodb/src/cmap/connect.ts:395:16)
            at Object.onceWrapper (node:events:622:26)
            at Socket.emit (node:events:507:28)
            at Socket.emit (node:domain:489:12)
            at emitErrorNT (node:internal/streams/destroy:170:8)
            at emitErrorCloseNT (node:internal/streams/destroy:129:3)
            at processTicksAndRejections (node:internal/process/task_queues:90:21) {
          errorLabelSet: Set(1) { 'ResetPool' },
          beforeHandshake: false,
          [cause]: AggregateError
              at internalConnectMultiple (node:net:1139:18)
              at afterConnectMultiple (node:net:1714:7) {
            code: 'ECONNREFUSED',
            [errors]: [
              Error: connect ECONNREFUSED ::1:27017
                  at createConnectionError (node:net:1677:14)
                  at afterConnectMultiple (node:net:1707:16) {
                errno: -61,
                code: 'ECONNREFUSED',
                syscall: 'connect',
                address: '::1',
                port: 27017
              },
              Error: connect ECONNREFUSED 127.0.0.1:27017
                  at createConnectionError (node:net:1677:14)
                  at afterConnectMultiple (node:net:1707:16) {
                errno: -61,
                code: 'ECONNREFUSED',
                syscall: 'connect',
                address: '127.0.0.1',
                port: 27017
              }
            ]
          }
        },
        topologyVersion: null,
        setName: null,
        setVersion: null,
        electionId: null,
        logicalSessionTimeoutMinutes: null,
        maxMessageSizeBytes: null,
        maxWriteBatchSize: null,
        maxBsonObjectSize: null,
        primary: null,
        me: null,
        '$clusterTime': null,
        iscryptd: false
      }
    },
    stale: false,
    compatible: true,
    heartbeatFrequencyMS: 10000,
    localThresholdMS: 15,
    setName: null,
    maxElectionId: null,
    maxSetVersion: null,
    commonWireVersion: 0,
    logicalSessionTimeoutMinutes: null
  },
  level: 'error',
  stack: 'MongooseServerSelectionError: connect ECONNREFUSED ::1:27017, connect ECONNREFUSED 127.0.0.1:27017\n' +
    '    at _handleConnectionErrors (/Users/kanishkakakrani/Desktop/Qualimatrix/jkvis-platform/backend/node_modules/mongoose/lib/connection.js:1165:11)\n' +
    '    at NativeConnection.openUri (/Users/kanishkakakrani/Desktop/Qualimatrix/jkvis-platform/backend/node_modules/mongoose/lib/connection.js:1096:11)\n' +
    '    at async connectDB (/Users/kanishkakakrani/Desktop/Qualimatrix/jkvis-platform/backend/src/config/database.ts:13:18)',
  timestamp: '2025-09-23 12:59:18'
}
{
  service: 'jkvis-server',
  uri: 'mongodb://localhost:27017/jkvis_platform',
  level: 'info',
  message: 'Attempting to connect to MongoDB...',
  timestamp: '2025-09-23 13:01:31'
}
{
  message: 'Annual receipt generation job scheduled for January 1st at 2:00 AM',
  level: 'info',
  service: 'jkvis-server',
  timestamp: '2025-09-23 13:01:31'
}
{
  service: 'jkvis-server',
  environment: 'development',
  port: '6500',
  level: 'info',
  message: 'Server running on port 6500',
  timestamp: '2025-09-23 13:01:31'
}
{
  service: 'jkvis-server',
  message: 'Database connection failed: connect ECONNREFUSED ::1:27017, connect ECONNREFUSED 127.0.0.1:27017',
  errorLabelSet: Set(0) {},
  reason: TopologyDescription {
    type: 'Unknown',
    servers: Map(1) {
      'localhost:27017' => ServerDescription {
        address: 'localhost:27017',
        type: 'Unknown',
        hosts: [],
        passives: [],
        arbiters: [],
        tags: {},
        minWireVersion: 0,
        maxWireVersion: 0,
        roundTripTime: -1,
        minRoundTripTime: 0,
        lastUpdateTime: 1131852391,
        lastWriteDate: 0,
        error: MongoNetworkError: connect ECONNREFUSED ::1:27017, connect ECONNREFUSED 127.0.0.1:27017
            at Socket.<anonymous> (/Users/kanishkakakrani/Desktop/Qualimatrix/jkvis-platform/backend/node_modules/mongodb/src/cmap/connect.ts:395:16)
            at Object.onceWrapper (node:events:622:26)
            at Socket.emit (node:events:507:28)
            at Socket.emit (node:domain:489:12)
            at emitErrorNT (node:internal/streams/destroy:170:8)
            at emitErrorCloseNT (node:internal/streams/destroy:129:3)
            at processTicksAndRejections (node:internal/process/task_queues:90:21) {
          errorLabelSet: Set(1) { 'ResetPool' },
          beforeHandshake: false,
          [cause]: AggregateError
              at internalConnectMultiple (node:net:1139:18)
              at afterConnectMultiple (node:net:1714:7) {
            code: 'ECONNREFUSED',
            [errors]: [
              Error: connect ECONNREFUSED ::1:27017
                  at createConnectionError (node:net:1677:14)
                  at afterConnectMultiple (node:net:1707:16) {
                errno: -61,
                code: 'ECONNREFUSED',
                syscall: 'connect',
                address: '::1',
                port: 27017
              },
              Error: connect ECONNREFUSED 127.0.0.1:27017
                  at createConnectionError (node:net:1677:14)
                  at afterConnectMultiple (node:net:1707:16) {
                errno: -61,
                code: 'ECONNREFUSED',
                syscall: 'connect',
                address: '127.0.0.1',
                port: 27017
              }
            ]
          }
        },
        topologyVersion: null,
        setName: null,
        setVersion: null,
        electionId: null,
        logicalSessionTimeoutMinutes: null,
        maxMessageSizeBytes: null,
        maxWriteBatchSize: null,
        maxBsonObjectSize: null,
        primary: null,
        me: null,
        '$clusterTime': null,
        iscryptd: false
      }
    },
    stale: false,
    compatible: true,
    heartbeatFrequencyMS: 10000,
    localThresholdMS: 15,
    setName: null,
    maxElectionId: null,
    maxSetVersion: null,
    commonWireVersion: 0,
    logicalSessionTimeoutMinutes: null
  },
  code: undefined,
  cause: TopologyDescription {
    type: 'Unknown',
    servers: Map(1) {
      'localhost:27017' => ServerDescription {
        address: 'localhost:27017',
        type: 'Unknown',
        hosts: [],
        passives: [],
        arbiters: [],
        tags: {},
        minWireVersion: 0,
        maxWireVersion: 0,
        roundTripTime: -1,
        minRoundTripTime: 0,
        lastUpdateTime: 1131852391,
        lastWriteDate: 0,
        error: MongoNetworkError: connect ECONNREFUSED ::1:27017, connect ECONNREFUSED 127.0.0.1:27017
            at Socket.<anonymous> (/Users/kanishkakakrani/Desktop/Qualimatrix/jkvis-platform/backend/node_modules/mongodb/src/cmap/connect.ts:395:16)
            at Object.onceWrapper (node:events:622:26)
            at Socket.emit (node:events:507:28)
            at Socket.emit (node:domain:489:12)
            at emitErrorNT (node:internal/streams/destroy:170:8)
            at emitErrorCloseNT (node:internal/streams/destroy:129:3)
            at processTicksAndRejections (node:internal/process/task_queues:90:21) {
          errorLabelSet: Set(1) { 'ResetPool' },
          beforeHandshake: false,
          [cause]: AggregateError
              at internalConnectMultiple (node:net:1139:18)
              at afterConnectMultiple (node:net:1714:7) {
            code: 'ECONNREFUSED',
            [errors]: [
              Error: connect ECONNREFUSED ::1:27017
                  at createConnectionError (node:net:1677:14)
                  at afterConnectMultiple (node:net:1707:16) {
                errno: -61,
                code: 'ECONNREFUSED',
                syscall: 'connect',
                address: '::1',
                port: 27017
              },
              Error: connect ECONNREFUSED 127.0.0.1:27017
                  at createConnectionError (node:net:1677:14)
                  at afterConnectMultiple (node:net:1707:16) {
                errno: -61,
                code: 'ECONNREFUSED',
                syscall: 'connect',
                address: '127.0.0.1',
                port: 27017
              }
            ]
          }
        },
        topologyVersion: null,
        setName: null,
        setVersion: null,
        electionId: null,
        logicalSessionTimeoutMinutes: null,
        maxMessageSizeBytes: null,
        maxWriteBatchSize: null,
        maxBsonObjectSize: null,
        primary: null,
        me: null,
        '$clusterTime': null,
        iscryptd: false
      }
    },
    stale: false,
    compatible: true,
    heartbeatFrequencyMS: 10000,
    localThresholdMS: 15,
    setName: null,
    maxElectionId: null,
    maxSetVersion: null,
    commonWireVersion: 0,
    logicalSessionTimeoutMinutes: null
  },
  level: 'error',
  stack: 'MongooseServerSelectionError: connect ECONNREFUSED ::1:27017, connect ECONNREFUSED 127.0.0.1:27017\n' +
    '    at _handleConnectionErrors (/Users/kanishkakakrani/Desktop/Qualimatrix/jkvis-platform/backend/node_modules/mongoose/lib/connection.js:1165:11)\n' +
    '    at NativeConnection.openUri (/Users/kanishkakakrani/Desktop/Qualimatrix/jkvis-platform/backend/node_modules/mongoose/lib/connection.js:1096:11)\n' +
    '    at async connectDB (/Users/kanishkakakrani/Desktop/Qualimatrix/jkvis-platform/backend/src/config/database.ts:13:18)',
  timestamp: '2025-09-23 13:02:01'
}
{
  service: 'jkvis-server',
  uri: 'mongodb://localhost:27017/jkvis_platform',
  level: 'info',
  message: 'Attempting to connect to MongoDB...',
  timestamp: '2025-09-23 13:13:42'
}
{
  message: 'Annual receipt generation job scheduled for January 1st at 2:00 AM',
  level: 'info',
  service: 'jkvis-server',
  timestamp: '2025-09-23 13:13:42'
}
{
  service: 'jkvis-server',
  environment: 'development',
  port: '6500',
  level: 'info',
  message: 'Server running on port 6500',
  timestamp: '2025-09-23 13:13:42'
}
{
  service: 'jkvis-server',
  host: 'localhost',
  database: 'jkvis_platform',
  port: 27017,
  level: 'info',
  message: 'MongoDB Connected Successfully',
  timestamp: '2025-09-23 13:13:42'
}
{
  service: 'jkvis-server',
  method: 'GET',
  url: '/',
  ip: '::1',
  userAgent: 'Mozilla/5.0 (Macintosh; Intel Mac OS X 10_15_7) AppleWebKit/537.36 (KHTML, like Gecko) Chrome/140.0.0.0 Safari/537.36',
  timestamp: '2025-09-23 13:14:01',
  level: 'info',
  message: 'Incoming request'
}
{
  service: 'jkvis-server',
  url: '/',
  method: 'GET',
  level: 'warn',
  message: 'Route not found',
  timestamp: '2025-09-23 13:14:01'
}
{
  service: 'jkvis-server',
  method: 'GET',
  url: '/favicon.ico',
  ip: '::1',
  userAgent: 'Mozilla/5.0 (Macintosh; Intel Mac OS X 10_15_7) AppleWebKit/537.36 (KHTML, like Gecko) Chrome/140.0.0.0 Safari/537.36',
  timestamp: '2025-09-23 13:14:01',
  level: 'info',
  message: 'Incoming request'
}
{
  service: 'jkvis-server',
  url: '/favicon.ico',
  method: 'GET',
  level: 'warn',
  message: 'Route not found',
  timestamp: '2025-09-23 13:14:01'
}
{
  service: 'jkvis-server',
  uri: 'mongodb://localhost:27017/jkvis_platform',
  level: 'info',
  message: 'Attempting to connect to MongoDB...',
  timestamp: '2025-09-23 13:28:49'
}
{
  message: 'Annual receipt generation job scheduled for January 1st at 2:00 AM',
  level: 'info',
  service: 'jkvis-server',
  timestamp: '2025-09-23 13:28:49'
}
{
  service: 'jkvis-server',
  environment: 'development',
  port: '6500',
  level: 'info',
  message: 'Server running on port 6500',
  timestamp: '2025-09-23 13:28:49'
}
{
  service: 'jkvis-server',
  host: 'localhost',
  database: 'jkvis_platform',
  port: 27017,
  level: 'info',
  message: 'MongoDB Connected Successfully',
  timestamp: '2025-09-23 13:28:49'
}
{
  service: 'jkvis-server',
  method: 'GET',
  url: '/',
  ip: '::1',
  userAgent: 'Mozilla/5.0 (Macintosh; Intel Mac OS X 10_15_7) AppleWebKit/537.36 (KHTML, like Gecko) Chrome/140.0.0.0 Safari/537.36',
  timestamp: '2025-09-23 13:28:55',
  level: 'info',
  message: 'Incoming request'
}
{
  service: 'jkvis-server',
  url: '/',
  method: 'GET',
  level: 'warn',
  message: 'Route not found',
  timestamp: '2025-09-23 13:28:55'
}
{
  service: 'jkvis-server',
  method: 'GET',
  url: '/health',
  ip: '::1',
  userAgent: 'Mozilla/5.0 (Macintosh; Intel Mac OS X 10_15_7) AppleWebKit/537.36 (KHTML, like Gecko) Chrome/140.0.0.0 Safari/537.36',
  timestamp: '2025-09-23 13:30:18',
  level: 'info',
  message: 'Incoming request'
}
{
  message: 'Health check requested',
  level: 'info',
  service: 'jkvis-server',
  timestamp: '2025-09-23 13:30:18'
}
{
  service: 'jkvis-server',
  method: 'GET',
  url: '/',
  ip: '::1',
  userAgent: 'Mozilla/5.0 (Macintosh; Intel Mac OS X 10_15_7) AppleWebKit/537.36 (KHTML, like Gecko) Chrome/140.0.0.0 Safari/537.36',
  timestamp: '2025-09-23 13:30:35',
  level: 'info',
  message: 'Incoming request'
}
{
  service: 'jkvis-server',
  url: '/',
  method: 'GET',
  level: 'warn',
  message: 'Route not found',
  timestamp: '2025-09-23 13:30:35'
}
{
  service: 'jkvis-server',
  method: 'GET',
  url: '/health',
  ip: '::1',
  userAgent: 'Mozilla/5.0 (Macintosh; Intel Mac OS X 10_15_7) AppleWebKit/537.36 (KHTML, like Gecko) Chrome/140.0.0.0 Safari/537.36',
  timestamp: '2025-09-23 13:45:11',
  level: 'info',
  message: 'Incoming request'
}
{
  message: 'Health check requested',
  level: 'info',
  service: 'jkvis-server',
  timestamp: '2025-09-23 13:45:11'
}
{
  service: 'jkvis-server',
  method: 'GET',
  url: '/register',
  ip: '::1',
  userAgent: 'Mozilla/5.0 (Macintosh; Intel Mac OS X 10_15_7) AppleWebKit/537.36 (KHTML, like Gecko) Chrome/140.0.0.0 Safari/537.36',
  timestamp: '2025-09-23 13:47:27',
  level: 'info',
  message: 'Incoming request'
}
{
  service: 'jkvis-server',
  url: '/register',
  method: 'GET',
  level: 'warn',
  message: 'Route not found',
  timestamp: '2025-09-23 13:47:27'
}
{
  service: 'jkvis-server',
  method: 'GET',
  url: '/health',
  ip: '::1',
  userAgent: 'Mozilla/5.0 (Macintosh; Intel Mac OS X 10_15_7) AppleWebKit/537.36 (KHTML, like Gecko) Chrome/140.0.0.0 Safari/537.36',
  timestamp: '2025-09-23 13:47:35',
  level: 'info',
  message: 'Incoming request'
}
{
  message: 'Health check requested',
  level: 'info',
  service: 'jkvis-server',
  timestamp: '2025-09-23 13:47:35'
}
{
  service: 'jkvis-server',
  uri: 'mongodb://localhost:27017/jkvis_platform',
  level: 'info',
  message: 'Attempting to connect to MongoDB...',
  timestamp: '2025-09-23 14:07:31'
}
{
  message: 'Annual receipt generation job scheduled for January 1st at 2:00 AM',
  level: 'info',
  service: 'jkvis-server',
  timestamp: '2025-09-23 14:07:31'
}
{
  service: 'jkvis-server',
  environment: 'development',
  port: '6500',
  level: 'info',
  message: 'Server running on port 6500',
  timestamp: '2025-09-23 14:07:31'
}
{
  service: 'jkvis-server',
  host: 'localhost',
  database: 'jkvis_platform',
  port: 27017,
  level: 'info',
  message: 'MongoDB Connected Successfully',
  timestamp: '2025-09-23 14:07:31'
}
{
  service: 'jkvis-server',
  method: 'GET',
  url: '/',
  ip: '::1',
  userAgent: 'Mozilla/5.0 (Macintosh; Intel Mac OS X 10_15_7) AppleWebKit/537.36 (KHTML, like Gecko) Chrome/140.0.0.0 Safari/537.36',
  timestamp: '2025-09-23 15:48:56',
  level: 'info',
  message: 'Incoming request'
}
{
  service: 'jkvis-server',
  url: '/',
  method: 'GET',
  level: 'warn',
  message: 'Route not found',
  timestamp: '2025-09-23 15:48:56'
}
{
  service: 'jkvis-server',
  method: 'GET',
  url: '/',
  ip: '::1',
  userAgent: 'Mozilla/5.0 (Macintosh; Intel Mac OS X 10_15_7) AppleWebKit/537.36 (KHTML, like Gecko) Chrome/140.0.0.0 Safari/537.36',
  timestamp: '2025-09-23 15:48:59',
  level: 'info',
  message: 'Incoming request'
}
{
  service: 'jkvis-server',
  url: '/',
  method: 'GET',
  level: 'warn',
  message: 'Route not found',
  timestamp: '2025-09-23 15:48:59'
}
