{
  service: 'jkvis-server',
  message: 'Database connection failed: connect ECONNREFUSED ::1:27017, connect ECONNREFUSED 127.0.0.1:27017',
  errorLabelSet: Set(0) {},
  reason: TopologyDescription {
    type: 'Unknown',
    servers: Map(1) {
      'localhost:27017' => ServerDescription {
        address: 'localhost:27017',
        type: 'Unknown',
        hosts: [],
        passives: [],
        arbiters: [],
        tags: {},
        minWireVersion: 0,
        maxWireVersion: 0,
        roundTripTime: -1,
        minRoundTripTime: 0,
        lastUpdateTime: 1131689051,
        lastWriteDate: 0,
        error: MongoNetworkError: connect ECONNREFUSED ::1:27017, connect ECONNREFUSED 127.0.0.1:27017
            at Socket.<anonymous> (/Users/kanishkakakrani/Desktop/Qualimatrix/jkvis-platform/backend/node_modules/mongodb/src/cmap/connect.ts:395:16)
            at Object.onceWrapper (node:events:622:26)
            at Socket.emit (node:events:507:28)
            at Socket.emit (node:domain:489:12)
            at emitErrorNT (node:internal/streams/destroy:170:8)
            at emitErrorCloseNT (node:internal/streams/destroy:129:3)
            at processTicksAndRejections (node:internal/process/task_queues:90:21) {
          errorLabelSet: Set(1) { 'ResetPool' },
          beforeHandshake: false,
          [cause]: AggregateError
              at internalConnectMultiple (node:net:1139:18)
              at afterConnectMultiple (node:net:1714:7) {
            code: 'ECONNREFUSED',
            [errors]: [
              Error: connect ECONNREFUSED ::1:27017
                  at createConnectionError (node:net:1677:14)
                  at afterConnectMultiple (node:net:1707:16) {
                errno: -61,
                code: 'ECONNREFUSED',
                syscall: 'connect',
                address: '::1',
                port: 27017
              },
              Error: connect ECONNREFUSED 127.0.0.1:27017
                  at createConnectionError (node:net:1677:14)
                  at afterConnectMultiple (node:net:1707:16) {
                errno: -61,
                code: 'ECONNREFUSED',
                syscall: 'connect',
                address: '127.0.0.1',
                port: 27017
              }
            ]
          }
        },
        topologyVersion: null,
        setName: null,
        setVersion: null,
        electionId: null,
        logicalSessionTimeoutMinutes: null,
        maxMessageSizeBytes: null,
        maxWriteBatchSize: null,
        maxBsonObjectSize: null,
        primary: null,
        me: null,
        '$clusterTime': null,
        iscryptd: false
      }
    },
    stale: false,
    compatible: true,
    heartbeatFrequencyMS: 10000,
    localThresholdMS: 15,
    setName: null,
    maxElectionId: null,
    maxSetVersion: null,
    commonWireVersion: 0,
    logicalSessionTimeoutMinutes: null
  },
  code: undefined,
  cause: TopologyDescription {
    type: 'Unknown',
    servers: Map(1) {
      'localhost:27017' => ServerDescription {
        address: 'localhost:27017',
        type: 'Unknown',
        hosts: [],
        passives: [],
        arbiters: [],
        tags: {},
        minWireVersion: 0,
        maxWireVersion: 0,
        roundTripTime: -1,
        minRoundTripTime: 0,
        lastUpdateTime: 1131689051,
        lastWriteDate: 0,
        error: MongoNetworkError: connect ECONNREFUSED ::1:27017, connect ECONNREFUSED 127.0.0.1:27017
            at Socket.<anonymous> (/Users/kanishkakakrani/Desktop/Qualimatrix/jkvis-platform/backend/node_modules/mongodb/src/cmap/connect.ts:395:16)
            at Object.onceWrapper (node:events:622:26)
            at Socket.emit (node:events:507:28)
            at Socket.emit (node:domain:489:12)
            at emitErrorNT (node:internal/streams/destroy:170:8)
            at emitErrorCloseNT (node:internal/streams/destroy:129:3)
            at processTicksAndRejections (node:internal/process/task_queues:90:21) {
          errorLabelSet: Set(1) { 'ResetPool' },
          beforeHandshake: false,
          [cause]: AggregateError
              at internalConnectMultiple (node:net:1139:18)
              at afterConnectMultiple (node:net:1714:7) {
            code: 'ECONNREFUSED',
            [errors]: [
              Error: connect ECONNREFUSED ::1:27017
                  at createConnectionError (node:net:1677:14)
                  at afterConnectMultiple (node:net:1707:16) {
                errno: -61,
                code: 'ECONNREFUSED',
                syscall: 'connect',
                address: '::1',
                port: 27017
              },
              Error: connect ECONNREFUSED 127.0.0.1:27017
                  at createConnectionError (node:net:1677:14)
                  at afterConnectMultiple (node:net:1707:16) {
                errno: -61,
                code: 'ECONNREFUSED',
                syscall: 'connect',
                address: '127.0.0.1',
                port: 27017
              }
            ]
          }
        },
        topologyVersion: null,
        setName: null,
        setVersion: null,
        electionId: null,
        logicalSessionTimeoutMinutes: null,
        maxMessageSizeBytes: null,
        maxWriteBatchSize: null,
        maxBsonObjectSize: null,
        primary: null,
        me: null,
        '$clusterTime': null,
        iscryptd: false
      }
    },
    stale: false,
    compatible: true,
    heartbeatFrequencyMS: 10000,
    localThresholdMS: 15,
    setName: null,
    maxElectionId: null,
    maxSetVersion: null,
    commonWireVersion: 0,
    logicalSessionTimeoutMinutes: null
  },
  level: 'error',
  stack: 'MongooseServerSelectionError: connect ECONNREFUSED ::1:27017, connect ECONNREFUSED 127.0.0.1:27017\n' +
    '    at _handleConnectionErrors (/Users/kanishkakakrani/Desktop/Qualimatrix/jkvis-platform/backend/node_modules/mongoose/lib/connection.js:1165:11)\n' +
    '    at NativeConnection.openUri (/Users/kanishkakakrani/Desktop/Qualimatrix/jkvis-platform/backend/node_modules/mongoose/lib/connection.js:1096:11)\n' +
    '    at async connectDB (/Users/kanishkakakrani/Desktop/Qualimatrix/jkvis-platform/backend/src/config/database.ts:13:18)',
  timestamp: '2025-09-23 12:59:18'
}
{
  service: 'jkvis-server',
  message: 'Database connection failed: connect ECONNREFUSED ::1:27017, connect ECONNREFUSED 127.0.0.1:27017',
  errorLabelSet: Set(0) {},
  reason: TopologyDescription {
    type: 'Unknown',
    servers: Map(1) {
      'localhost:27017' => ServerDescription {
        address: 'localhost:27017',
        type: 'Unknown',
        hosts: [],
        passives: [],
        arbiters: [],
        tags: {},
        minWireVersion: 0,
        maxWireVersion: 0,
        roundTripTime: -1,
        minRoundTripTime: 0,
        lastUpdateTime: 1131852391,
        lastWriteDate: 0,
        error: MongoNetworkError: connect ECONNREFUSED ::1:27017, connect ECONNREFUSED 127.0.0.1:27017
            at Socket.<anonymous> (/Users/kanishkakakrani/Desktop/Qualimatrix/jkvis-platform/backend/node_modules/mongodb/src/cmap/connect.ts:395:16)
            at Object.onceWrapper (node:events:622:26)
            at Socket.emit (node:events:507:28)
            at Socket.emit (node:domain:489:12)
            at emitErrorNT (node:internal/streams/destroy:170:8)
            at emitErrorCloseNT (node:internal/streams/destroy:129:3)
            at processTicksAndRejections (node:internal/process/task_queues:90:21) {
          errorLabelSet: Set(1) { 'ResetPool' },
          beforeHandshake: false,
          [cause]: AggregateError
              at internalConnectMultiple (node:net:1139:18)
              at afterConnectMultiple (node:net:1714:7) {
            code: 'ECONNREFUSED',
            [errors]: [
              Error: connect ECONNREFUSED ::1:27017
                  at createConnectionError (node:net:1677:14)
                  at afterConnectMultiple (node:net:1707:16) {
                errno: -61,
                code: 'ECONNREFUSED',
                syscall: 'connect',
                address: '::1',
                port: 27017
              },
              Error: connect ECONNREFUSED 127.0.0.1:27017
                  at createConnectionError (node:net:1677:14)
                  at afterConnectMultiple (node:net:1707:16) {
                errno: -61,
                code: 'ECONNREFUSED',
                syscall: 'connect',
                address: '127.0.0.1',
                port: 27017
              }
            ]
          }
        },
        topologyVersion: null,
        setName: null,
        setVersion: null,
        electionId: null,
        logicalSessionTimeoutMinutes: null,
        maxMessageSizeBytes: null,
        maxWriteBatchSize: null,
        maxBsonObjectSize: null,
        primary: null,
        me: null,
        '$clusterTime': null,
        iscryptd: false
      }
    },
    stale: false,
    compatible: true,
    heartbeatFrequencyMS: 10000,
    localThresholdMS: 15,
    setName: null,
    maxElectionId: null,
    maxSetVersion: null,
    commonWireVersion: 0,
    logicalSessionTimeoutMinutes: null
  },
  code: undefined,
  cause: TopologyDescription {
    type: 'Unknown',
    servers: Map(1) {
      'localhost:27017' => ServerDescription {
        address: 'localhost:27017',
        type: 'Unknown',
        hosts: [],
        passives: [],
        arbiters: [],
        tags: {},
        minWireVersion: 0,
        maxWireVersion: 0,
        roundTripTime: -1,
        minRoundTripTime: 0,
        lastUpdateTime: 1131852391,
        lastWriteDate: 0,
        error: MongoNetworkError: connect ECONNREFUSED ::1:27017, connect ECONNREFUSED 127.0.0.1:27017
            at Socket.<anonymous> (/Users/kanishkakakrani/Desktop/Qualimatrix/jkvis-platform/backend/node_modules/mongodb/src/cmap/connect.ts:395:16)
            at Object.onceWrapper (node:events:622:26)
            at Socket.emit (node:events:507:28)
            at Socket.emit (node:domain:489:12)
            at emitErrorNT (node:internal/streams/destroy:170:8)
            at emitErrorCloseNT (node:internal/streams/destroy:129:3)
            at processTicksAndRejections (node:internal/process/task_queues:90:21) {
          errorLabelSet: Set(1) { 'ResetPool' },
          beforeHandshake: false,
          [cause]: AggregateError
              at internalConnectMultiple (node:net:1139:18)
              at afterConnectMultiple (node:net:1714:7) {
            code: 'ECONNREFUSED',
            [errors]: [
              Error: connect ECONNREFUSED ::1:27017
                  at createConnectionError (node:net:1677:14)
                  at afterConnectMultiple (node:net:1707:16) {
                errno: -61,
                code: 'ECONNREFUSED',
                syscall: 'connect',
                address: '::1',
                port: 27017
              },
              Error: connect ECONNREFUSED 127.0.0.1:27017
                  at createConnectionError (node:net:1677:14)
                  at afterConnectMultiple (node:net:1707:16) {
                errno: -61,
                code: 'ECONNREFUSED',
                syscall: 'connect',
                address: '127.0.0.1',
                port: 27017
              }
            ]
          }
        },
        topologyVersion: null,
        setName: null,
        setVersion: null,
        electionId: null,
        logicalSessionTimeoutMinutes: null,
        maxMessageSizeBytes: null,
        maxWriteBatchSize: null,
        maxBsonObjectSize: null,
        primary: null,
        me: null,
        '$clusterTime': null,
        iscryptd: false
      }
    },
    stale: false,
    compatible: true,
    heartbeatFrequencyMS: 10000,
    localThresholdMS: 15,
    setName: null,
    maxElectionId: null,
    maxSetVersion: null,
    commonWireVersion: 0,
    logicalSessionTimeoutMinutes: null
  },
  level: 'error',
  stack: 'MongooseServerSelectionError: connect ECONNREFUSED ::1:27017, connect ECONNREFUSED 127.0.0.1:27017\n' +
    '    at _handleConnectionErrors (/Users/kanishkakakrani/Desktop/Qualimatrix/jkvis-platform/backend/node_modules/mongoose/lib/connection.js:1165:11)\n' +
    '    at NativeConnection.openUri (/Users/kanishkakakrani/Desktop/Qualimatrix/jkvis-platform/backend/node_modules/mongoose/lib/connection.js:1096:11)\n' +
    '    at async connectDB (/Users/kanishkakakrani/Desktop/Qualimatrix/jkvis-platform/backend/src/config/database.ts:13:18)',
  timestamp: '2025-09-23 13:02:01'
}
